# JRE version: 7.0_07-b10
# Java VM: Java HotSpot(TM) 64-Bit Server VM (23.3-b01 mixed mode windows-amd64 compressed oops)
Heap
 PSYoungGen      total 155392K, used 103344K [0x00000000f5560000, 0x0000000100000000, 0x0000000100000000)
  eden space 143872K, 63% used [0x00000000f5560000,0x00000000faf10518,0x00000000fe1e0000)
  from space 11520K, 99% used [0x00000000ff4c0000,0x00000000ffffbe68,0x0000000100000000)
  to   space 15424K, 0% used [0x00000000fe1e0000,0x00000000fe1e0000,0x00000000ff0f0000)
 ParOldGen       total 43712K, used 16707K [0x00000000e0000000, 0x00000000e2ab0000, 0x00000000f5560000)
  object space 43712K, 38% used [0x00000000e0000000,0x00000000e1050f78,0x00000000e2ab0000)
 PSPermGen       total 56128K, used 48062K [0x00000000dae00000, 0x00000000de4d0000, 0x00000000e0000000)
  object space 56128K, 85% used [0x00000000dae00000,0x00000000ddcefb10,0x00000000de4d0000)
GC Heap History (10 events):
Event: 7.028 GC heap before
{Heap before GC invocations=9 (full 0):
 PSYoungGen      total 137600K, used 136777K [0x00000000f5560000, 0x00000000fe820000, 0x0000000100000000)
  eden space 128000K, 100% used [0x00000000f5560000,0x00000000fd260000,0x00000000fd260000)
  from space 9600K, 91% used [0x00000000fdcc0000,0x00000000fe5526f0,0x00000000fe620000)
  to   space 10624K, 0% used [0x00000000fd260000,0x00000000fd260000,0x00000000fdcc0000)
 ParOldGen       total 43712K, used 9516K [0x00000000e0000000, 0x00000000e2ab0000, 0x00000000f5560000)
  object space 43712K, 21% used [0x00000000e0000000,0x00000000e094b2b0,0x00000000e2ab0000)
 PSPermGen       total 25664K, used 25614K [0x00000000dae00000, 0x00000000dc710000, 0x00000000e0000000)
  object space 25664K, 99% used [0x00000000dae00000,0x00000000dc7039c8,0x00000000dc710000)
Event: 7.071 GC heap after
Heap after GC invocations=9 (full 0):
 PSYoungGen      total 138624K, used 8114K [0x00000000f5560000, 0x0000000100000000, 0x0000000100000000)
  eden space 128000K, 0% used [0x00000000f5560000,0x00000000f5560000,0x00000000fd260000)
  from space 10624K, 76% used [0x00000000fd260000,0x00000000fda4c9a0,0x00000000fdcc0000)
  to   space 11136K, 0% used [0x00000000ff520000,0x00000000ff520000,0x0000000100000000)
 ParOldGen       total 43712K, used 11542K [0x00000000e0000000, 0x00000000e2ab0000, 0x00000000f5560000)
  object space 43712K, 26% used [0x00000000e0000000,0x00000000e0b45bb0,0x00000000e2ab0000)
 PSPermGen       total 25664K, used 25614K [0x00000000dae00000, 0x00000000dc710000, 0x00000000e0000000)
  object space 25664K, 99% used [0x00000000dae00000,0x00000000dc7039c8,0x00000000dc710000)
}
Event: 8.830 GC heap before
{Heap before GC invocations=10 (full 0):
 PSYoungGen      total 138624K, used 68916K [0x00000000f5560000, 0x0000000100000000, 0x0000000100000000)
  eden space 128000K, 47% used [0x00000000f5560000,0x00000000f90c0678,0x00000000fd260000)
  from space 10624K, 76% used [0x00000000fd260000,0x00000000fda4c9a0,0x00000000fdcc0000)
  to   space 11136K, 0% used [0x00000000ff520000,0x00000000ff520000,0x0000000100000000)
 ParOldGen       total 43712K, used 11542K [0x00000000e0000000, 0x00000000e2ab0000, 0x00000000f5560000)
  object space 43712K, 26% used [0x00000000e0000000,0x00000000e0b45bb0,0x00000000e2ab0000)
 PSPermGen       total 27968K, used 27922K [0x00000000dae00000, 0x00000000dc950000, 0x00000000e0000000)
  object space 27968K, 99% used [0x00000000dae00000,0x00000000dc944a78,0x00000000dc950000)
Event: 8.847 GC heap after
Heap after GC invocations=10 (full 0):
 PSYoungGen      total 163968K, used 4832K [0x00000000f5560000, 0x0000000100000000, 0x0000000100000000)
  eden space 152832K, 0% used [0x00000000f5560000,0x00000000f5560000,0x00000000feaa0000)
  from space 11136K, 43% used [0x00000000ff520000,0x00000000ff9d8000,0x0000000100000000)
  to   space 10752K, 0% used [0x00000000feaa0000,0x00000000feaa0000,0x00000000ff520000)
 ParOldGen       total 43712K, used 14121K [0x00000000e0000000, 0x00000000e2ab0000, 0x00000000f5560000)
  object space 43712K, 32% used [0x00000000e0000000,0x00000000e0dca570,0x00000000e2ab0000)
 PSPermGen       total 27968K, used 27922K [0x00000000dae00000, 0x00000000dc950000, 0x00000000e0000000)
  object space 27968K, 99% used [0x00000000dae00000,0x00000000dc944a78,0x00000000dc950000)
}
Event: 8.848 GC heap before
{Heap before GC invocations=11 (full 1):
 PSYoungGen      total 163968K, used 4832K [0x00000000f5560000, 0x0000000100000000, 0x0000000100000000)
  eden space 152832K, 0% used [0x00000000f5560000,0x00000000f5560000,0x00000000feaa0000)
  from space 11136K, 43% used [0x00000000ff520000,0x00000000ff9d8000,0x0000000100000000)
  to   space 10752K, 0% used [0x00000000feaa0000,0x00000000feaa0000,0x00000000ff520000)
 ParOldGen       total 43712K, used 14121K [0x00000000e0000000, 0x00000000e2ab0000, 0x00000000f5560000)
  object space 43712K, 32% used [0x00000000e0000000,0x00000000e0dca570,0x00000000e2ab0000)
 PSPermGen       total 27968K, used 27922K [0x00000000dae00000, 0x00000000dc950000, 0x00000000e0000000)
  object space 27968K, 99% used [0x00000000dae00000,0x00000000dc944a78,0x00000000dc950000)
Event: 9.026 GC heap after
Heap after GC invocations=11 (full 1):
 PSYoungGen      total 163968K, used 0K [0x00000000f5560000, 0x0000000100000000, 0x0000000100000000)
  eden space 152832K, 0% used [0x00000000f5560000,0x00000000f5560000,0x00000000feaa0000)
  from space 11136K, 0% used [0x00000000ff520000,0x00000000ff520000,0x0000000100000000)
  to   space 10752K, 0% used [0x00000000feaa0000,0x00000000feaa0000,0x00000000ff520000)
 ParOldGen       total 43712K, used 10073K [0x00000000e0000000, 0x00000000e2ab0000, 0x00000000f5560000)
  object space 43712K, 23% used [0x00000000e0000000,0x00000000e09d6558,0x00000000e2ab0000)
 PSPermGen       total 56128K, used 27908K [0x00000000dae00000, 0x00000000de4d0000, 0x00000000e0000000)
  object space 56128K, 49% used [0x00000000dae00000,0x00000000dc9413b0,0x00000000de4d0000)
}
Event: 11.776 GC heap before
{Heap before GC invocations=12 (full 1):
 PSYoungGen      total 163968K, used 152832K [0x00000000f5560000, 0x0000000100000000, 0x0000000100000000)
  eden space 152832K, 100% used [0x00000000f5560000,0x00000000feaa0000,0x00000000feaa0000)
  from space 11136K, 0% used [0x00000000ff520000,0x00000000ff520000,0x0000000100000000)
  to   space 10752K, 0% used [0x00000000feaa0000,0x00000000feaa0000,0x00000000ff520000)
 ParOldGen       total 43712K, used 10073K [0x00000000e0000000, 0x00000000e2ab0000, 0x00000000f5560000)
  object space 43712K, 23% used [0x00000000e0000000,0x00000000e09d6558,0x00000000e2ab0000)
 PSPermGen       total 56128K, used 35084K [0x00000000dae00000, 0x00000000de4d0000, 0x00000000e0000000)
  object space 56128K, 62% used [0x00000000dae00000,0x00000000dd043340,0x00000000de4d0000)
Event: 11.799 GC heap after
Heap after GC invocations=12 (full 1):
 PSYoungGen      total 161984K, used 9150K [0x00000000f5560000, 0x0000000100000000, 0x0000000100000000)
  eden space 152832K, 0% used [0x00000000f5560000,0x00000000f5560000,0x00000000feaa0000)
  from space 9152K, 99% used [0x00000000feaa0000,0x00000000ff38fac8,0x00000000ff390000)
  to   space 11520K, 0% used [0x00000000ff4c0000,0x00000000ff4c0000,0x0000000100000000)
 ParOldGen       total 43712K, used 10073K [0x00000000e0000000, 0x00000000e2ab0000, 0x00000000f5560000)
  object space 43712K, 23% used [0x00000000e0000000,0x00000000e09d6558,0x00000000e2ab0000)
 PSPermGen       total 56128K, used 35084K [0x00000000dae00000, 0x00000000de4d0000, 0x00000000e0000000)
  object space 56128K, 62% used [0x00000000dae00000,0x00000000dd043340,0x00000000de4d0000)
}
Event: 14.171 GC heap before
{Heap before GC invocations=13 (full 1):
 PSYoungGen      total 161984K, used 161982K [0x00000000f5560000, 0x0000000100000000, 0x0000000100000000)
  eden space 152832K, 100% used [0x00000000f5560000,0x00000000feaa0000,0x00000000feaa0000)
  from space 9152K, 99% used [0x00000000feaa0000,0x00000000ff38fac8,0x00000000ff390000)
  to   space 11520K, 0% used [0x00000000ff4c0000,0x00000000ff4c0000,0x0000000100000000)
 ParOldGen       total 43712K, used 10073K [0x00000000e0000000, 0x00000000e2ab0000, 0x00000000f5560000)
  object space 43712K, 23% used [0x00000000e0000000,0x00000000e09d6558,0x00000000e2ab0000)
 PSPermGen       total 56128K, used 45622K [0x00000000dae00000, 0x00000000de4d0000, 0x00000000e0000000)
  object space 56128K, 81% used [0x00000000dae00000,0x00000000dda8d848,0x00000000de4d0000)
Event: 14.214 GC heap after
Heap after GC invocations=13 (full 1):
 PSYoungGen      total 155392K, used 11503K [0x00000000f5560000, 0x0000000100000000, 0x0000000100000000)
  eden space 143872K, 0% used [0x00000000f5560000,0x00000000f5560000,0x00000000fe1e0000)
  from space 11520K, 99% used [0x00000000ff4c0000,0x00000000ffffbe68,0x0000000100000000)
  to   space 15424K, 0% used [0x00000000fe1e0000,0x00000000fe1e0000,0x00000000ff0f0000)
 ParOldGen       total 43712K, used 16707K [0x00000000e0000000, 0x00000000e2ab0000, 0x00000000f5560000)
  object space 43712K, 38% used [0x00000000e0000000,0x00000000e1050f78,0x00000000e2ab0000)
 PSPermGen       total 56128K, used 45622K [0x00000000dae00000, 0x00000000de4d0000, 0x00000000e0000000)
  object space 56128K, 81% used [0x00000000dae00000,0x00000000dda8d848,0x00000000de4d0000)
}

